<?xml version="1.0" encoding="UTF-8"?>
<!-- Generated by org.testng.reporters.JUnitReportReporter -->
<testsuite hostname="ARIF-MUAHAMMAD" failures="0" tests="2" name="testcases.TCOO3_EditLead" time="62.813" errors="0" timestamp="30 Jul 2018 06:24:07 GMT" skipped="0">
  <testcase classname="testcases.TCOO3_EditLead" name="login" time="32.339"/>
  <testcase classname="testcases.TCOO3_EditLead" name="login" time="30.474"/>
</testsuite> <!-- testcases.TCOO3_EditLead -->
